android/app/build/intermediates/manifest_merge_blame_file/release/manifest-merger-blame-release-report.txt
1<?xml version="1.0" encoding="utf-8"?>
2<manifest xmlns:android="http://schemas.android.com/apk/res/android"
3    package="com.paintapp"
4    android:versionCode="1"
5    android:versionName="1.0" >
6
7    <uses-sdk
8        android:minSdkVersion="21"
8-->src/main/AndroidManifest.xml
9        android:targetSdkVersion="33" />
9-->src/main/AndroidManifest.xml
10
11    <uses-permission android:name="android.permission.INTERNET" />
11-->src/main/AndroidManifest.xml:3:5-67
11-->src/main/AndroidManifest.xml:3:22-64
12    <uses-permission android:name="android.permission.CAMERA" />
12-->src/main/AndroidManifest.xml:4:5-65
12-->src/main/AndroidManifest.xml:4:22-62
13    <uses-permission android:name="android.permission.WRITE_EXTERNAL_STORAGE" />
13-->src/main/AndroidManifest.xml:5:5-80
13-->src/main/AndroidManifest.xml:5:22-78
14
15    <queries>
15-->[com.razorpay:checkout:1.6.36] AndroidManifest.xml:10:5-39:15
16        <intent>
16-->[com.razorpay:checkout:1.6.36] AndroidManifest.xml:11:9-17:18
17            <action android:name="android.intent.action.VIEW" />
17-->[com.razorpay:checkout:1.6.36] AndroidManifest.xml:12:13-65
17-->[com.razorpay:checkout:1.6.36] AndroidManifest.xml:12:21-62
18
19            <data
19-->[com.razorpay:checkout:1.6.36] AndroidManifest.xml:14:13-16:38
20                android:mimeType="*/*"
20-->[com.razorpay:checkout:1.6.36] AndroidManifest.xml:15:17-39
21                android:scheme="*" />
21-->[com.razorpay:checkout:1.6.36] AndroidManifest.xml:16:17-35
22        </intent>
23        <intent>
23-->[com.razorpay:checkout:1.6.36] AndroidManifest.xml:18:9-27:18
24            <action android:name="android.intent.action.VIEW" />
24-->[com.razorpay:checkout:1.6.36] AndroidManifest.xml:12:13-65
24-->[com.razorpay:checkout:1.6.36] AndroidManifest.xml:12:21-62
25
26            <category android:name="android.intent.category.BROWSABLE" />
26-->[com.razorpay:checkout:1.6.36] AndroidManifest.xml:21:13-74
26-->[com.razorpay:checkout:1.6.36] AndroidManifest.xml:21:23-71
27
28            <data
28-->[com.razorpay:checkout:1.6.36] AndroidManifest.xml:14:13-16:38
29                android:host="pay"
30                android:mimeType="*/*"
30-->[com.razorpay:checkout:1.6.36] AndroidManifest.xml:15:17-39
31                android:scheme="upi" />
31-->[com.razorpay:checkout:1.6.36] AndroidManifest.xml:16:17-35
32        </intent>
33        <intent>
33-->[com.razorpay:checkout:1.6.36] AndroidManifest.xml:28:9-30:18
34            <action android:name="android.intent.action.MAIN" />
34-->src/main/AndroidManifest.xml:21:13-65
34-->src/main/AndroidManifest.xml:21:21-62
35        </intent>
36        <intent>
36-->[com.razorpay:checkout:1.6.36] AndroidManifest.xml:31:9-35:18
37            <action android:name="android.intent.action.SEND" />
37-->[com.razorpay:checkout:1.6.36] AndroidManifest.xml:32:13-65
37-->[com.razorpay:checkout:1.6.36] AndroidManifest.xml:32:21-62
38
39            <data android:mimeType="*/*" />
39-->[com.razorpay:checkout:1.6.36] AndroidManifest.xml:14:13-16:38
39-->[com.razorpay:checkout:1.6.36] AndroidManifest.xml:15:17-39
40        </intent>
41        <intent>
41-->[com.razorpay:checkout:1.6.36] AndroidManifest.xml:36:9-38:18
42            <action android:name="rzp.device_token.share" />
42-->[com.razorpay:checkout:1.6.36] AndroidManifest.xml:37:13-61
42-->[com.razorpay:checkout:1.6.36] AndroidManifest.xml:37:21-58
43        </intent>
44    </queries> <!-- Include required permissions for Google Maps API to run. -->
45    <uses-permission android:name="android.permission.ACCESS_NETWORK_STATE" />
45-->[com.google.android.gms:play-services-maps:17.0.0] AndroidManifest.xml:23:5-79
45-->[com.google.android.gms:play-services-maps:17.0.0] AndroidManifest.xml:23:22-76
46
47    <uses-feature
47-->[com.google.android.gms:play-services-maps:17.0.0] AndroidManifest.xml:26:5-28:35
48        android:glEsVersion="0x00020000"
48-->[com.google.android.gms:play-services-maps:17.0.0] AndroidManifest.xml:27:9-41
49        android:required="true" />
49-->[com.google.android.gms:play-services-maps:17.0.0] AndroidManifest.xml:28:9-32
50
51    <permission
51-->[androidx.core:core:1.9.0] AndroidManifest.xml:22:5-24:47
52        android:name="com.paintapp.DYNAMIC_RECEIVER_NOT_EXPORTED_PERMISSION"
52-->[androidx.core:core:1.9.0] AndroidManifest.xml:23:9-81
53        android:protectionLevel="signature" />
53-->[androidx.core:core:1.9.0] AndroidManifest.xml:24:9-44
54
55    <uses-permission android:name="com.paintapp.DYNAMIC_RECEIVER_NOT_EXPORTED_PERMISSION" />
55-->[androidx.core:core:1.9.0] AndroidManifest.xml:26:5-97
55-->[androidx.core:core:1.9.0] AndroidManifest.xml:26:22-94
56
57    <application
57-->src/main/AndroidManifest.xml:6:5-25:19
58        android:name="com.paintapp.MainApplication"
58-->src/main/AndroidManifest.xml:7:7-38
59        android:allowBackup="false"
59-->src/main/AndroidManifest.xml:10:7-34
60        android:appComponentFactory="androidx.core.app.CoreComponentFactory"
60-->[androidx.core:core:1.9.0] AndroidManifest.xml:28:18-86
61        android:icon="@mipmap/ic_launcher"
61-->src/main/AndroidManifest.xml:9:7-41
62        android:label="@string/app_name"
62-->src/main/AndroidManifest.xml:8:7-39
63        android:theme="@style/AppTheme"
63-->src/main/AndroidManifest.xml:12:7-38
64        android:usesCleartextTraffic="true" >
64-->src/main/AndroidManifest.xml:11:7-42
65        <activity
65-->src/main/AndroidManifest.xml:13:7-24:18
66            android:name="com.paintapp.MainActivity"
66-->src/main/AndroidManifest.xml:14:9-37
67            android:configChanges="keyboard|keyboardHidden|orientation|screenLayout|screenSize|smallestScreenSize|uiMode"
67-->src/main/AndroidManifest.xml:16:9-118
68            android:exported="true"
68-->src/main/AndroidManifest.xml:19:9-32
69            android:label="@string/app_name"
69-->src/main/AndroidManifest.xml:15:9-41
70            android:launchMode="singleTask"
70-->src/main/AndroidManifest.xml:17:9-40
71            android:windowSoftInputMode="adjustPan" >
71-->src/main/AndroidManifest.xml:18:9-48
72            <intent-filter>
72-->src/main/AndroidManifest.xml:20:9-23:25
73                <action android:name="android.intent.action.MAIN" />
73-->src/main/AndroidManifest.xml:21:13-65
73-->src/main/AndroidManifest.xml:21:21-62
74
75                <category android:name="android.intent.category.LAUNCHER" />
75-->src/main/AndroidManifest.xml:22:13-73
75-->src/main/AndroidManifest.xml:22:23-70
76            </intent-filter>
77        </activity>
78
79        <provider
79-->[:react-native-image-picker] AndroidManifest.xml:8:9-16:20
80            android:name="com.imagepicker.ImagePickerProvider"
80-->[:react-native-image-picker] AndroidManifest.xml:9:13-63
81            android:authorities="com.paintapp.imagepickerprovider"
81-->[:react-native-image-picker] AndroidManifest.xml:10:13-71
82            android:exported="false"
82-->[:react-native-image-picker] AndroidManifest.xml:11:13-37
83            android:grantUriPermissions="true" >
83-->[:react-native-image-picker] AndroidManifest.xml:12:13-47
84            <meta-data
84-->[:react-native-image-picker] AndroidManifest.xml:13:13-15:70
85                android:name="android.support.FILE_PROVIDER_PATHS"
85-->[:react-native-image-picker] AndroidManifest.xml:14:17-67
86                android:resource="@xml/imagepicker_provider_paths" />
86-->[:react-native-image-picker] AndroidManifest.xml:15:17-67
87        </provider>
88
89        <activity
89-->[:react-native-razorpay] AndroidManifest.xml:8:9-10:86
90            android:name="com.razorpay.CheckoutActivity"
90-->[:react-native-razorpay] AndroidManifest.xml:9:13-57
91            android:configChanges="keyboard|keyboardHidden|orientation|screenSize"
91-->[:react-native-razorpay] AndroidManifest.xml:10:13-83
92            android:exported="false"
92-->[com.razorpay:checkout:1.6.36] AndroidManifest.xml:54:13-37
93            android:theme="@style/CheckoutTheme" >
93-->[com.razorpay:checkout:1.6.36] AndroidManifest.xml:55:13-49
94            <intent-filter>
94-->[com.razorpay:checkout:1.6.36] AndroidManifest.xml:56:13-58:29
95                <action android:name="android.intent.action.MAIN" />
95-->src/main/AndroidManifest.xml:21:13-65
95-->src/main/AndroidManifest.xml:21:21-62
96            </intent-filter>
97        </activity>
98
99        <receiver
99-->[com.razorpay:checkout:1.6.36] AndroidManifest.xml:42:9-49:20
100            android:name="com.razorpay.RzpTokenReceiver"
100-->[com.razorpay:checkout:1.6.36] AndroidManifest.xml:43:13-57
101            android:exported="true" >
101-->[com.razorpay:checkout:1.6.36] AndroidManifest.xml:44:13-36
102            <intent-filter>
102-->[com.razorpay:checkout:1.6.36] AndroidManifest.xml:46:13-48:29
103                <action android:name="rzp.device_token.share" />
103-->[com.razorpay:checkout:1.6.36] AndroidManifest.xml:37:13-61
103-->[com.razorpay:checkout:1.6.36] AndroidManifest.xml:37:21-58
104            </intent-filter>
105        </receiver>
106
107        <meta-data
107-->[com.razorpay:checkout:1.6.36] AndroidManifest.xml:61:9-63:58
108            android:name="com.razorpay.plugin.googlepay_all"
108-->[com.razorpay:checkout:1.6.36] AndroidManifest.xml:62:13-61
109            android:value="com.razorpay.RzpGpayMerged" />
109-->[com.razorpay:checkout:1.6.36] AndroidManifest.xml:63:13-55
110
111        <activity
111-->[com.google.android.gms:play-services-auth:17.0.0] AndroidManifest.xml:23:9-27:75
112            android:name="com.google.android.gms.auth.api.signin.internal.SignInHubActivity"
112-->[com.google.android.gms:play-services-auth:17.0.0] AndroidManifest.xml:24:13-93
113            android:excludeFromRecents="true"
113-->[com.google.android.gms:play-services-auth:17.0.0] AndroidManifest.xml:25:13-46
114            android:exported="false"
114-->[com.google.android.gms:play-services-auth:17.0.0] AndroidManifest.xml:26:13-37
115            android:theme="@android:style/Theme.Translucent.NoTitleBar" />
115-->[com.google.android.gms:play-services-auth:17.0.0] AndroidManifest.xml:27:13-72
116        <!--
117            Service handling Google Sign-In user revocation. For apps that do not integrate with
118            Google Sign-In, this service will never be started.
119        -->
120        <service
120-->[com.google.android.gms:play-services-auth:17.0.0] AndroidManifest.xml:33:9-36:110
121            android:name="com.google.android.gms.auth.api.signin.RevocationBoundService"
121-->[com.google.android.gms:play-services-auth:17.0.0] AndroidManifest.xml:34:13-89
122            android:exported="true"
122-->[com.google.android.gms:play-services-auth:17.0.0] AndroidManifest.xml:35:13-36
123            android:permission="com.google.android.gms.auth.api.signin.permission.REVOCATION_NOTIFICATION" /> <!-- Needs to be explicitly declared on P+ -->
123-->[com.google.android.gms:play-services-auth:17.0.0] AndroidManifest.xml:36:13-107
124        <uses-library
124-->[com.google.android.gms:play-services-maps:17.0.0] AndroidManifest.xml:33:9-35:40
125            android:name="org.apache.http.legacy"
125-->[com.google.android.gms:play-services-maps:17.0.0] AndroidManifest.xml:34:13-50
126            android:required="false" />
126-->[com.google.android.gms:play-services-maps:17.0.0] AndroidManifest.xml:35:13-37
127
128        <activity
128-->[com.google.android.gms:play-services-base:17.5.0] AndroidManifest.xml:23:9-26:75
129            android:name="com.google.android.gms.common.api.GoogleApiActivity"
129-->[com.google.android.gms:play-services-base:17.5.0] AndroidManifest.xml:24:13-79
130            android:exported="false"
130-->[com.google.android.gms:play-services-base:17.5.0] AndroidManifest.xml:25:13-37
131            android:theme="@android:style/Theme.Translucent.NoTitleBar" />
131-->[com.google.android.gms:play-services-base:17.5.0] AndroidManifest.xml:26:13-72
132
133        <meta-data
133-->[com.google.android.gms:play-services-basement:17.6.0] AndroidManifest.xml:23:9-25:69
134            android:name="com.google.android.gms.version"
134-->[com.google.android.gms:play-services-basement:17.6.0] AndroidManifest.xml:24:13-58
135            android:value="@integer/google_play_services_version" />
135-->[com.google.android.gms:play-services-basement:17.6.0] AndroidManifest.xml:25:13-66
136
137        <provider
137-->[androidx.emoji2:emoji2:1.2.0] AndroidManifest.xml:24:9-32:20
138            android:name="androidx.startup.InitializationProvider"
138-->[androidx.emoji2:emoji2:1.2.0] AndroidManifest.xml:25:13-67
139            android:authorities="com.paintapp.androidx-startup"
139-->[androidx.emoji2:emoji2:1.2.0] AndroidManifest.xml:26:13-68
140            android:exported="false" >
140-->[androidx.emoji2:emoji2:1.2.0] AndroidManifest.xml:27:13-37
141            <meta-data
141-->[androidx.emoji2:emoji2:1.2.0] AndroidManifest.xml:29:13-31:52
142                android:name="androidx.emoji2.text.EmojiCompatInitializer"
142-->[androidx.emoji2:emoji2:1.2.0] AndroidManifest.xml:30:17-75
143                android:value="androidx.startup" />
143-->[androidx.emoji2:emoji2:1.2.0] AndroidManifest.xml:31:17-49
144            <meta-data
144-->[androidx.lifecycle:lifecycle-process:2.4.1] AndroidManifest.xml:31:13-33:52
145                android:name="androidx.lifecycle.ProcessLifecycleInitializer"
145-->[androidx.lifecycle:lifecycle-process:2.4.1] AndroidManifest.xml:32:17-78
146                android:value="androidx.startup" />
146-->[androidx.lifecycle:lifecycle-process:2.4.1] AndroidManifest.xml:33:17-49
147        </provider>
148
149        <meta-data
149-->[com.facebook.soloader:soloader:0.10.5] AndroidManifest.xml:12:9-14:37
150            android:name="com.facebook.soloader.enabled"
150-->[com.facebook.soloader:soloader:0.10.5] AndroidManifest.xml:13:13-57
151            android:value="false" />
151-->[com.facebook.soloader:soloader:0.10.5] AndroidManifest.xml:14:13-34
152    </application>
153
154</manifest>